<?xml version="1.0" encoding="UTF-8"?>
<testng-results ignored="0" total="2" passed="2" failed="0" skipped="0">
  <reporter-output>
  </reporter-output>
  <suite started-at="2024-09-03T11:58:06 IST" name="Suite" finished-at="2024-09-03T11:58:59 IST" duration-ms="52209">
    <groups>
    </groups>
    <test started-at="2024-09-03T11:58:06 IST" name="Test" finished-at="2024-09-03T11:58:53 IST" duration-ms="47060">
      <class name="uk.co.automationtesting.AddRemoveItemBasketTest">
        <test-method is-config="true" signature="setup()[pri:0, instance:uk.co.automationtesting.AddRemoveItemBasketTest@41a0aa7d]" started-at="2024-09-03T11:58:06 IST" name="setup" finished-at="2024-09-03T11:58:22 IST" duration-ms="16048" status="PASS">
          <reporter-output>
          </reporter-output>
        </test-method> <!-- setup -->
        <test-method signature="addRemoveItem()[pri:0, instance:uk.co.automationtesting.AddRemoveItemBasketTest@41a0aa7d]" started-at="2024-09-03T11:58:22 IST" name="addRemoveItem" finished-at="2024-09-03T11:58:52 IST" duration-ms="29780" status="PASS">
          <reporter-output>
          </reporter-output>
        </test-method> <!-- addRemoveItem -->
        <test-method is-config="true" signature="tearDown()[pri:0, instance:uk.co.automationtesting.AddRemoveItemBasketTest@41a0aa7d]" started-at="2024-09-03T11:58:52 IST" name="tearDown" finished-at="2024-09-03T11:58:53 IST" duration-ms="1207" status="PASS">
          <reporter-output>
          </reporter-output>
        </test-method> <!-- tearDown -->
      </class> <!-- uk.co.automationtesting.AddRemoveItemBasketTest -->
    </test> <!-- Test -->
    <test started-at="2024-09-03T11:58:06 IST" name="Test2" finished-at="2024-09-03T11:58:59 IST" duration-ms="52209">
      <class name="uk.co.automationtesting.OrderCompleteTest">
        <test-method is-config="true" signature="setup()[pri:0, instance:uk.co.automationtesting.OrderCompleteTest@7ef82753]" started-at="2024-09-03T11:58:06 IST" name="setup" finished-at="2024-09-03T11:58:22 IST" duration-ms="15986" status="PASS">
          <reporter-output>
          </reporter-output>
        </test-method> <!-- setup -->
        <test-method signature="endToEndTest()[pri:0, instance:uk.co.automationtesting.OrderCompleteTest@7ef82753]" started-at="2024-09-03T11:58:22 IST" name="endToEndTest" finished-at="2024-09-03T11:58:57 IST" duration-ms="35018" status="PASS">
          <reporter-output>
          </reporter-output>
        </test-method> <!-- endToEndTest -->
        <test-method is-config="true" signature="tearDown()[pri:0, instance:uk.co.automationtesting.OrderCompleteTest@7ef82753]" started-at="2024-09-03T11:58:57 IST" name="tearDown" finished-at="2024-09-03T11:58:59 IST" duration-ms="1161" status="PASS">
          <reporter-output>
          </reporter-output>
        </test-method> <!-- tearDown -->
      </class> <!-- uk.co.automationtesting.OrderCompleteTest -->
    </test> <!-- Test2 -->
  </suite> <!-- Suite -->
</testng-results>
